2020-09-10 14:12:25 +0000  Initial pipeline context: <IDEDistributionProcessingPipelineContext: 0x7f8eb487d110; archive(resolved)='<IDEArchive: 0x7f8ec727b7c0>', distributionTask(resolved)='2', distributionDestination(resolved)='2', distributionMethod(resolved)='<IDEDistributionMethodiOSAppStoreDistribution: 0x7f8ede193440>', team(resolved)='<IDEProvisioningDisambiguatableBasicTeam: 0x7f8ed5a18d00; teamID='TLQ5U9PHH2', teamName='Polimport Comercio e Importacao LTDA', teamType='Company', username='esantos2002@hotmail.com', isFreeProvisioningTeam='0'>'>
	Chain (13, self inclusive):
	<IDEDistributionProcessingPipelineContext: 0x7f8eb487d110; archive = '<IDEArchive: 0x7f8ec727b7c0>', distributionMethod='<IDEDistributionMethodiOSAppStoreDistribution: 0x7f8ede193440>', team='<IDEProvisioningDisambiguatableBasicTeam: 0x7f8ed5a18d00; teamID='TLQ5U9PHH2', teamName='Polimport Comercio e Importacao LTDA', teamType='Company', username='esantos2002@hotmail.com', isFreeProvisioningTeam='0'>'>
	<IDEDistributionProcessingPipelineContext: 0x7f8eb487cf10; archive = '<IDEArchive: 0x7f8ec727b7c0>', distributionMethod='<IDEDistributionMethodiOSAppStoreDistribution: 0x7f8ede193440>', team='<IDEProvisioningDisambiguatableBasicTeam: 0x7f8ed5a18d00; teamID='TLQ5U9PHH2', teamName='Polimport Comercio e Importacao LTDA', teamType='Company', username='esantos2002@hotmail.com', isFreeProvisioningTeam='0'>'>
	<IDEDistributionContext: 0x7f8eb512c240; archive = '<IDEArchive: 0x7f8ec727b7c0>', distributionMethod='<IDEDistributionMethodiOSAppStoreDistribution: 0x7f8ede193440>', team='<IDEProvisioningDisambiguatableBasicTeam: 0x7f8ed5a18d00; teamID='TLQ5U9PHH2', teamName='Polimport Comercio e Importacao LTDA', teamType='Company', username='esantos2002@hotmail.com', isFreeProvisioningTeam='0'>'>
	<IDEDistributionContext: 0x7f8eb4a2b640; archive = '<IDEArchive: 0x7f8ec727b7c0>', distributionMethod='<IDEDistributionMethodiOSAppStoreDistribution: 0x7f8ede193440>', team='<IDEProvisioningDisambiguatableBasicTeam: 0x7f8ed5a18d00; teamID='TLQ5U9PHH2', teamName='Polimport Comercio e Importacao LTDA', teamType='Company', username='esantos2002@hotmail.com', isFreeProvisioningTeam='0'>'>
	<IDEDistributionContext: 0x7f8ec7282f50; archive = '<IDEArchive: 0x7f8ec727b7c0>', distributionMethod='<IDEDistributionMethodiOSAppStoreDistribution: 0x7f8ede193440>', team='<IDEProvisioningDisambiguatableBasicTeam: 0x7f8ed5a18d00; teamID='TLQ5U9PHH2', teamName='Polimport Comercio e Importacao LTDA', teamType='Company', username='esantos2002@hotmail.com', isFreeProvisioningTeam='0'>'>
	<IDEDistributionContext: 0x7f8eb472da30; archive = '<IDEArchive: 0x7f8ec727b7c0>', distributionMethod='<IDEDistributionMethodiOSAppStoreDistribution: 0x7f8ede193440>', team='<IDEProvisioningDisambiguatableBasicTeam: 0x7f8ed5a18d00; teamID='TLQ5U9PHH2', teamName='Polimport Comercio e Importacao LTDA', teamType='Company', username='esantos2002@hotmail.com', isFreeProvisioningTeam='0'>'>
	<IDEDistributionContext: 0x7f8eb4a25c20; archive = '<IDEArchive: 0x7f8ec727b7c0>', distributionMethod='<IDEDistributionMethodiOSAppStoreDistribution: 0x7f8ede193440>', team='<IDEProvisioningDisambiguatableBasicTeam: 0x7f8ed5a18d00; teamID='TLQ5U9PHH2', teamName='Polimport Comercio e Importacao LTDA', teamType='Company', username='esantos2002@hotmail.com', isFreeProvisioningTeam='0'>'>
	<IDEDistributionContext: 0x7f8eb4a33a60; archive = '<IDEArchive: 0x7f8ec727b7c0>', distributionMethod='<IDEDistributionMethodiOSAppStoreDistribution: 0x7f8ede193440>', team='<IDEProvisioningDisambiguatableBasicTeam: 0x7f8ed5a18d00; teamID='TLQ5U9PHH2', teamName='Polimport Comercio e Importacao LTDA', teamType='Company', username='esantos2002@hotmail.com', isFreeProvisioningTeam='0'>'>
	<IDEDistributionContext: 0x7f8eb4a5cea0; archive = '<IDEArchive: 0x7f8ec727b7c0>', distributionMethod='<IDEDistributionMethodiOSAppStoreDistribution: 0x7f8ede193440>', team='<IDEProvisioningDisambiguatableBasicTeam: 0x7f8ed5a18d00; teamID='TLQ5U9PHH2', teamName='Polimport Comercio e Importacao LTDA', teamType='Company', username='esantos2002@hotmail.com', isFreeProvisioningTeam='0'>'>
	<IDEDistributionContext: 0x7f8eb4a9a000; archive = '<IDEArchive: 0x7f8ec727b7c0>', distributionMethod='<IDEDistributionMethodiOSAppStoreDistribution: 0x7f8ede193440>', team='<IDEProvisioningDisambiguatableBasicTeam: 0x7f8ed5a18d00; teamID='TLQ5U9PHH2', teamName='Polimport Comercio e Importacao LTDA', teamType='Company', username='esantos2002@hotmail.com', isFreeProvisioningTeam='0'>'>
	<IDEDistributionContext: 0x7f8ec7456060; archive = '<IDEArchive: 0x7f8ec727b7c0>', distributionMethod='<IDEDistributionMethodiOSAppStoreDistribution: 0x7f8ede193440>', team='(null)'>
	<IDEDistributionContext: 0x7f8eb4980cc0; archive = '<IDEArchive: 0x7f8ec727b7c0>', distributionMethod='<IDEDistributionMethodiOSAppStoreDistribution: 0x7f8ede193440>', team='(null)'>
	<IDEDistributionContext: 0x7f8ec8a68ea0; archive = '<IDEArchive: 0x7f8ec727b7c0>', distributionMethod='(null)', team='(null)'>
</IDEDistributionProcessingPipelineContext: 0x7f8eb487d110>
2020-09-10 14:12:25 +0000  Processing step: IDEDistributionCreateDestRootStep
2020-09-10 14:12:25 +0000  Processing step: IDEDistributionCopyItemStep
2020-09-10 14:12:25 +0000  Running /usr/bin/ditto '-V' '/Users/user178750/Library/Developer/Xcode/Archives/2020-09-10/mobilesip 9-10-20, 10.11 AM.xcarchive/Products/Applications/mobilesip.app' '/var/folders/1g/p_2ll0t168s4qvnsj71fbxn40000jg/T/XcodeDistPipeline.~~~BqBX6z/Root/Payload/mobilesip.app'
2020-09-10 14:12:25 +0000  >>> Copying /Users/user178750/Library/Developer/Xcode/Archives/2020-09-10/mobilesip 9-10-20, 10.11 AM.xcarchive/Products/Applications/mobilesip.app 
2020-09-10 14:12:25 +0000  copying file ./_CodeSignature/CodeResources ... 
2020-09-10 14:12:25 +0000  21387 bytes for ./_CodeSignature/CodeResources
2020-09-10 14:12:25 +0000  copying file ./Fontisto.ttf ... 
2020-09-10 14:12:25 +0000  313528 bytes for ./Fontisto.ttf
2020-09-10 14:12:25 +0000  copying file ./Octicons.ttf ... 
2020-09-10 14:12:25 +0000  28364 bytes for ./Octicons.ttf
2020-09-10 14:12:25 +0000  copying file ./Feather.ttf ... 
2020-09-10 14:12:25 +0000  58272 bytes for ./Feather.ttf
2020-09-10 14:12:25 +0000  copying file ./Entypo.ttf ... 
2020-09-10 14:12:25 +0000  65584 bytes for ./Entypo.ttf
2020-09-10 14:12:25 +0000  copying file ./FontAwesome5_Brands.ttf ... 
2020-09-10 14:12:25 +0000  125016 bytes for ./FontAwesome5_Brands.ttf
2020-09-10 14:12:25 +0000  copying file ./MaterialCommunityIcons.ttf ... 
2020-09-10 14:12:25 +0000  546548 bytes for ./MaterialCommunityIcons.ttf
2020-09-10 14:12:25 +0000  copying file ./AntDesign.ttf ... 
2020-09-10 14:12:25 +0000  70344 bytes for ./AntDesign.ttf
copying file ./Foundation.ttf ... 
2020-09-10 14:12:25 +0000  56976 bytes for ./Foundation.ttf
copying file ./Ionicons.ttf ... 
2020-09-10 14:12:25 +0000  112472 bytes for ./Ionicons.ttf
2020-09-10 14:12:25 +0000  copying file ./FontAwesome5_Solid.ttf ... 
2020-09-10 14:12:26 +0000  186228 bytes for ./FontAwesome5_Solid.ttf
2020-09-10 14:12:26 +0000  copying file ./FontAwesome5_Regular.ttf ... 
2020-09-10 14:12:26 +0000  34092 bytes for ./FontAwesome5_Regular.ttf
2020-09-10 14:12:26 +0000  copying file ./Base.lproj/LaunchScreen.nib ... 
2020-09-10 14:12:26 +0000  3137 bytes for ./Base.lproj/LaunchScreen.nib
2020-09-10 14:12:26 +0000  copying file ./FontAwesome.ttf ... 
2020-09-10 14:12:26 +0000  165548 bytes for ./FontAwesome.ttf
2020-09-10 14:12:26 +0000  copying file ./Zocial.ttf ... 
2020-09-10 14:12:26 +0000  25552 bytes for ./Zocial.ttf
2020-09-10 14:12:26 +0000  copying file ./Assets.car ... 
2020-09-10 14:12:26 +0000  2091848 bytes for ./Assets.car
copying file ./EvilIcons.ttf ... 
2020-09-10 14:12:26 +0000  13456 bytes for ./EvilIcons.ttf
copying file ./main.jsbundle ... 
2020-09-10 14:12:26 +0000  2096720 bytes for ./main.jsbundle
copying file ./SimpleLineIcons.ttf ... 
2020-09-10 14:12:26 +0000  54056 bytes for ./SimpleLineIcons.ttf
copying file ./embedded.mobileprovision ... 
2020-09-10 14:12:26 +0000  16401 bytes for ./embedded.mobileprovision
2020-09-10 14:12:26 +0000  copying file ./assets/app.json ... 
2020-09-10 14:12:26 +0000  55 bytes for ./assets/app.json
2020-09-10 14:12:26 +0000  copying file ./assets/node_modules/react-native-ratings/src/images/bell.png ... 
2020-09-10 14:12:26 +0000  2989 bytes for ./assets/node_modules/react-native-ratings/src/images/bell.png
2020-09-10 14:12:26 +0000  copying file ./assets/node_modules/react-native-ratings/src/images/airbnb-star-selected.png ... 
2020-09-10 14:12:26 +0000  934 bytes for ./assets/node_modules/react-native-ratings/src/images/airbnb-star-selected.png
2020-09-10 14:12:26 +0000  copying file ./assets/node_modules/react-native-ratings/src/images/heart.png ... 
2020-09-10 14:12:26 +0000  1928 bytes for ./assets/node_modules/react-native-ratings/src/images/heart.png
2020-09-10 14:12:26 +0000  copying file ./assets/node_modules/react-native-ratings/src/images/airbnb-star.png ... 
2020-09-10 14:12:26 +0000  930 bytes for ./assets/node_modules/react-native-ratings/src/images/airbnb-star.png
2020-09-10 14:12:26 +0000  copying file ./assets/node_modules/react-native-ratings/src/images/rocket.png ... 
2020-09-10 14:12:26 +0000  4050 bytes for ./assets/node_modules/react-native-ratings/src/images/rocket.png
2020-09-10 14:12:26 +0000  copying file ./assets/node_modules/react-native-ratings/src/images/star.png ... 
2020-09-10 14:12:26 +0000  1961 bytes for ./assets/node_modules/react-native-ratings/src/images/star.png
2020-09-10 14:12:26 +0000  copying file ./assets/node_modules/react-native-speedometer/images/speedometer-needle.png ... 
2020-09-10 14:12:26 +0000  12879 bytes for ./assets/node_modules/react-native-speedometer/images/speedometer-needle.png
2020-09-10 14:12:26 +0000  copying file ./assets/node_modules/css-tree/dist/default-syntax.json ... 
2020-09-10 14:12:26 +0000  57784 bytes for ./assets/node_modules/css-tree/dist/default-syntax.json
2020-09-10 14:12:26 +0000  copying file ./assets/node_modules/dom-serializer/foreignNames.json ... 
2020-09-10 14:12:26 +0000  3149 bytes for ./assets/node_modules/dom-serializer/foreignNames.json
2020-09-10 14:12:26 +0000  copying file ./assets/node_modules/css-select/lib/procedure.json ... 
2020-09-10 14:12:26 +0000  145 bytes for ./assets/node_modules/css-select/lib/procedure.json
2020-09-10 14:12:26 +0000  copying file ./assets/node_modules/react-native-vector-icons/glyphmaps/Ionicons.json ... 
2020-09-10 14:12:26 +0000  17166 bytes for ./assets/node_modules/react-native-vector-icons/glyphmaps/Ionicons.json
2020-09-10 14:12:26 +0000  copying file ./assets/node_modules/react-native-vector-icons/glyphmaps/EvilIcons.json ... 
2020-09-10 14:12:26 +0000  1454 bytes for ./assets/node_modules/react-native-vector-icons/glyphmaps/EvilIcons.json
2020-09-10 14:12:26 +0000  copying file ./assets/node_modules/react-native-vector-icons/glyphmaps/Octicons.json ... 
2020-09-10 14:12:26 +0000  3992 bytes for ./assets/node_modules/react-native-vector-icons/glyphmaps/Octicons.json
2020-09-10 14:12:26 +0000  copying file ./assets/node_modules/react-native-vector-icons/glyphmaps/FontAwesome5Free_meta.json ... 
2020-09-10 14:12:26 +0000  26240 bytes for ./assets/node_modules/react-native-vector-icons/glyphmaps/FontAwesome5Free_meta.json
2020-09-10 14:12:26 +0000  copying file ./assets/node_modules/react-native-vector-icons/glyphmaps/FontAwesome.json ... 
2020-09-10 14:12:26 +0000  17437 bytes for ./assets/node_modules/react-native-vector-icons/glyphmaps/FontAwesome.json
2020-09-10 14:12:26 +0000  copying file ./assets/node_modules/react-native-vector-icons/glyphmaps/MaterialIcons.json ... 
2020-09-10 14:12:26 +0000  22815 bytes for ./assets/node_modules/react-native-vector-icons/glyphmaps/MaterialIcons.json
copying file ./assets/node_modules/react-native-vector-icons/glyphmaps/Entypo.json ... 
2020-09-10 14:12:26 +0000  9486 bytes for ./assets/node_modules/react-native-vector-icons/glyphmaps/Entypo.json
2020-09-10 14:12:26 +0000  copying file ./assets/node_modules/react-native-vector-icons/glyphmaps/SimpleLineIcons.json ... 
2020-09-10 14:12:26 +0000  4102 bytes for ./assets/node_modules/react-native-vector-icons/glyphmaps/SimpleLineIcons.json
2020-09-10 14:12:26 +0000  copying file ./assets/node_modules/react-native-vector-icons/glyphmaps/AntDesign.json ... 
2020-09-10 14:12:26 +0000  6303 bytes for ./assets/node_modules/react-native-vector-icons/glyphmaps/AntDesign.json
2020-09-10 14:12:26 +0000  copying file ./assets/node_modules/react-native-vector-icons/glyphmaps/FontAwesome5Free.json ... 
2020-09-10 14:12:26 +0000  30175 bytes for ./assets/node_modules/react-native-vector-icons/glyphmaps/FontAwesome5Free.json
2020-09-10 14:12:26 +0000  copying file ./assets/node_modules/react-native-vector-icons/glyphmaps/Feather.json ... 
2020-09-10 14:12:26 +0000  5933 bytes for ./assets/node_modules/react-native-vector-icons/glyphmaps/Feather.json
2020-09-10 14:12:26 +0000  copying file ./assets/node_modules/react-native-vector-icons/glyphmaps/MaterialCommunityIcons.json ... 
2020-09-10 14:12:26 +0000  97065 bytes for ./assets/node_modules/react-native-vector-icons/glyphmaps/MaterialCommunityIcons.json
2020-09-10 14:12:26 +0000  copying file ./assets/node_modules/react-native-vector-icons/glyphmaps/Foundation.json ... 
2020-09-10 14:12:26 +0000  6417 bytes for ./assets/node_modules/react-native-vector-icons/glyphmaps/Foundation.json
2020-09-10 14:12:26 +0000  copying file ./assets/node_modules/react-native-vector-icons/glyphmaps/Zocial.json ... 
2020-09-10 14:12:26 +0000  2013 bytes for ./assets/node_modules/react-native-vector-icons/glyphmaps/Zocial.json
2020-09-10 14:12:26 +0000  copying file ./assets/node_modules/entities/lib/maps/xml.json ... 
2020-09-10 14:12:26 +0000  64 bytes for ./assets/node_modules/entities/lib/maps/xml.json
2020-09-10 14:12:26 +0000  copying file ./assets/node_modules/entities/lib/maps/decode.json ... 
2020-09-10 14:12:26 +0000  356 bytes for ./assets/node_modules/entities/lib/maps/decode.json
2020-09-10 14:12:26 +0000  copying file ./assets/node_modules/entities/lib/maps/entities.json ... 
2020-09-10 14:12:26 +0000  44868 bytes for ./assets/node_modules/entities/lib/maps/entities.json
2020-09-10 14:12:26 +0000  copying file ./assets/node_modules/entities/lib/maps/legacy.json ... 
2020-09-10 14:12:26 +0000  1961 bytes for ./assets/node_modules/entities/lib/maps/legacy.json
2020-09-10 14:12:26 +0000  copying file ./assets/src/assets/login.png ... 
2020-09-10 14:12:26 +0000  373 bytes for ./assets/src/assets/login.png
copying file ./assets/src/assets/redled.png ... 
2020-09-10 14:12:26 +0000  1637 bytes for ./assets/src/assets/redled.png
2020-09-10 14:12:26 +0000  copying file ./assets/src/assets/cancel.png ... 
2020-09-10 14:12:26 +0000  1019 bytes for ./assets/src/assets/cancel.png
2020-09-10 14:12:26 +0000  copying file ./assets/src/assets/yellowled.png ... 
2020-09-10 14:12:26 +0000  1804 bytes for ./assets/src/assets/yellowled.png
2020-09-10 14:12:26 +0000  copying file ./assets/src/assets/username.png ... 
2020-09-10 14:12:26 +0000  237 bytes for ./assets/src/assets/username.png
2020-09-10 14:12:26 +0000  copying file ./assets/src/assets/background.jpg ... 
2020-09-10 14:12:26 +0000  536180 bytes for ./assets/src/assets/background.jpg
2020-09-10 14:12:26 +0000  copying file ./assets/src/assets/password.png ... 
246 bytes for ./assets/src/assets/password.png
copying file ./assets/src/assets/greenled.png ... 
1721 bytes for ./assets/src/assets/greenled.png
2020-09-10 14:12:26 +0000  copying file ./Info.plist ... 
2020-09-10 14:12:26 +0000  1408 bytes for ./Info.plist
2020-09-10 14:12:26 +0000  copying file ./mobilesip ... 
2020-09-10 14:12:26 +0000  36985744 bytes for ./mobilesip
copying file ./PkgInfo ... 
2020-09-10 14:12:26 +0000  8 bytes for ./PkgInfo
copying file ./MaterialIcons.ttf ... 
2020-09-10 14:12:26 +0000  128180 bytes for ./MaterialIcons.ttf
2020-09-10 14:12:26 +0000  /usr/bin/ditto exited with 0
2020-09-10 14:12:26 +0000  Processing step: IDEDistributionEmbedProfileStep
2020-09-10 14:12:26 +0000  Processing step: IDEDistributionInfoPlistStep
2020-09-10 14:12:26 +0000  Skipping step: IDEDistributionInfoPlistStep because it said so
2020-09-10 14:12:26 +0000  Processing step: IDEDistributionItemRemovalStep
2020-09-10 14:12:26 +0000  Processing step: IDEDistributionAppThinningPlistStep
2020-09-10 14:12:26 +0000  Skipping step: IDEDistributionAppThinningPlistStep because it said so
2020-09-10 14:12:26 +0000  Processing step: IDEDistributionCompileBitcodeStep
2020-09-10 14:12:26 +0000  Skipping step: IDEDistributionCompileBitcodeStep because it said so
2020-09-10 14:12:26 +0000  Processing step: IDEDistributionCodeSlimmingStep
2020-09-10 14:12:26 +0000  Processing step: IDEDistributionCopyBCSymbolMapsStep
2020-09-10 14:12:26 +0000  Running /usr/bin/ditto '-V' '/Users/user178750/Library/Developer/Xcode/Archives/2020-09-10/mobilesip 9-10-20, 10.11 AM.xcarchive/BCSymbolMaps/E564DB16-FA6B-3542-88AE-EFE78E789128.bcsymbolmap' '/var/folders/1g/p_2ll0t168s4qvnsj71fbxn40000jg/T/XcodeDistPipeline.~~~BqBX6z/Root/BCSymbolMaps/E564DB16-FA6B-3542-88AE-EFE78E789128.bcsymbolmap'
2020-09-10 14:12:26 +0000  >>> Copying /Users/user178750/Library/Developer/Xcode/Archives/2020-09-10/mobilesip 9-10-20, 10.11 AM.xcarchive/BCSymbolMaps/E564DB16-FA6B-3542-88AE-EFE78E789128.bcsymbolmap 
2020-09-10 14:12:26 +0000  copying file ./E564DB16-FA6B-3542-88AE-EFE78E789128.bcsymbolmap ... 
2020-09-10 14:12:26 +0000  1419455 bytes for ./E564DB16-FA6B-3542-88AE-EFE78E789128.bcsymbolmap
2020-09-10 14:12:26 +0000  /usr/bin/ditto exited with 0
2020-09-10 14:12:26 +0000  Running /usr/bin/ditto '-V' '/Users/user178750/Library/Developer/Xcode/Archives/2020-09-10/mobilesip 9-10-20, 10.11 AM.xcarchive/BCSymbolMaps/14478427-5CB4-39CE-A8BB-99424F398231.bcsymbolmap' '/var/folders/1g/p_2ll0t168s4qvnsj71fbxn40000jg/T/XcodeDistPipeline.~~~BqBX6z/Root/BCSymbolMaps/14478427-5CB4-39CE-A8BB-99424F398231.bcsymbolmap'
2020-09-10 14:12:26 +0000  >>> Copying /Users/user178750/Library/Developer/Xcode/Archives/2020-09-10/mobilesip 9-10-20, 10.11 AM.xcarchive/BCSymbolMaps/14478427-5CB4-39CE-A8BB-99424F398231.bcsymbolmap 
2020-09-10 14:12:26 +0000  copying file ./14478427-5CB4-39CE-A8BB-99424F398231.bcsymbolmap ... 
2020-09-10 14:12:26 +0000  1447572 bytes for ./14478427-5CB4-39CE-A8BB-99424F398231.bcsymbolmap
2020-09-10 14:12:26 +0000  /usr/bin/ditto exited with 0
2020-09-10 14:12:26 +0000  Processing step: IDEDistributionSymbolsStep
2020-09-10 14:12:26 +0000  Excluding symbols for mobilesip.app
2020-09-10 14:12:26 +0000  Processing step: IDEDistributionCopyAppleProvidedContentStep
2020-09-10 14:12:26 +0000  Processing step: IDEDistributionAppThinningStep
2020-09-10 14:12:26 +0000  Skipping step: IDEDistributionAppThinningStep because it said so
2020-09-10 14:12:26 +0000  Processing step: IDEDistributionArchThinningStep
2020-09-10 14:12:26 +0000  Running /Applications/Xcode.app/Contents/Developer/Toolchains/XcodeDefault.xctoolchain/usr/bin/lipo '/var/folders/1g/p_2ll0t168s4qvnsj71fbxn40000jg/T/XcodeDistPipeline.~~~BqBX6z/Root/Payload/mobilesip.app/mobilesip' '-verify_arch' 'arm64e'
2020-09-10 14:12:26 +0000  /Applications/Xcode.app/Contents/Developer/Toolchains/XcodeDefault.xctoolchain/usr/bin/lipo exited with 1
2020-09-10 14:12:26 +0000  Skipping architecture thinning for item "mobilesip" because arch "arm64e" wasn't found
2020-09-10 14:12:26 +0000  Processing step: IDEDistributionODRStep
2020-09-10 14:12:26 +0000  Processing step: IDEDistributionStripXattrsStep
2020-09-10 14:12:26 +0000  Running /usr/bin/xattr '-crs' '/var/folders/1g/p_2ll0t168s4qvnsj71fbxn40000jg/T/XcodeDistPipeline.~~~BqBX6z/Root/Payload/mobilesip.app'
2020-09-10 14:12:26 +0000  /usr/bin/xattr exited with 0
2020-09-10 14:12:26 +0000  Processing step: IDEDistributionCodesignStep
2020-09-10 14:12:26 +0000  Entitlements for <IDEDistributionItem: 0x7f8eb4be04e0; bundleID='org.reactjs.native.example.mobilesip', path='<DVTFilePath:0x7f8ec728e640:'/Users/user178750/Library/Developer/Xcode/Archives/2020-09-10/mobilesip 9-10-20, 10.11 AM.xcarchive/Products/Applications/mobilesip.app'>', codeSigningInfo='<_DVTCodeSigningInformation_Path: 0x7f8ec4824270; isSigned='1', isAdHocSigned='0', signingCertificate='<DVTSigningCertificate: 0x7f8eb4be7440; name='Apple Development: Emerson Santos (H2J8NPPL45)', hash='CDEEFDD89580E43B3ADF6733CDFE769254C4E547', serialNumber='1C5648B4D8A43003', certificateKinds='(
    "1.2.840.113635.100.6.1.12",
    "1.2.840.113635.100.6.1.2"
), issueDate='2020-09-04 14:25:51 +0000''>', entitlements='{
    "application-identifier" = "TLQ5U9PHH2.org.reactjs.native.example.mobilesip";
    "com.apple.developer.team-identifier" = TLQ5U9PHH2;
    "get-task-allow" = 1;
    "keychain-access-groups" =     (
        "TLQ5U9PHH2.org.reactjs.native.example.mobilesip"
    );
}', teamID='TLQ5U9PHH2', identifier='org.reactjs.native.example.mobilesip', executablePath='<DVTFilePath:0x7f8eb51804c0:'/Users/user178750/Library/Developer/Xcode/Archives/2020-09-10/mobilesip 9-10-20, 10.11 AM.xcarchive/Products/Applications/mobilesip.app/mobilesip'>', hardenedRuntime='0'>'>: {
    "application-identifier" = "TLQ5U9PHH2.org.reactjs.native.example.mobilesip";
    "beta-reports-active" = 1;
    "com.apple.developer.team-identifier" = TLQ5U9PHH2;
    "get-task-allow" = 0;
    "keychain-access-groups" =     (
        "TLQ5U9PHH2.org.reactjs.native.example.mobilesip"
    );
}
2020-09-10 14:12:26 +0000  Writing entitlements for <IDEDistributionItem: 0x7f8eb4be04e0; bundleID='org.reactjs.native.example.mobilesip', path='<DVTFilePath:0x7f8ec728e640:'/Users/user178750/Library/Developer/Xcode/Archives/2020-09-10/mobilesip 9-10-20, 10.11 AM.xcarchive/Products/Applications/mobilesip.app'>', codeSigningInfo='<_DVTCodeSigningInformation_Path: 0x7f8ec4824270; isSigned='1', isAdHocSigned='0', signingCertificate='<DVTSigningCertificate: 0x7f8eb4bed3e0; name='Apple Development: Emerson Santos (H2J8NPPL45)', hash='CDEEFDD89580E43B3ADF6733CDFE769254C4E547', serialNumber='1C5648B4D8A43003', certificateKinds='(
    "1.2.840.113635.100.6.1.12",
    "1.2.840.113635.100.6.1.2"
), issueDate='2020-09-04 14:25:51 +0000''>', entitlements='{
    "application-identifier" = "TLQ5U9PHH2.org.reactjs.native.example.mobilesip";
    "com.apple.developer.team-identifier" = TLQ5U9PHH2;
    "get-task-allow" = 1;
    "keychain-access-groups" =     (
        "TLQ5U9PHH2.org.reactjs.native.example.mobilesip"
    );
}', teamID='TLQ5U9PHH2', identifier='org.reactjs.native.example.mobilesip', executablePath='<DVTFilePath:0x7f8eb51804c0:'/Users/user178750/Library/Developer/Xcode/Archives/2020-09-10/mobilesip 9-10-20, 10.11 AM.xcarchive/Products/Applications/mobilesip.app/mobilesip'>', hardenedRuntime='0'>'> to: /var/folders/1g/p_2ll0t168s4qvnsj71fbxn40000jg/T/XcodeDistPipeline.~~~BqBX6z/entitlements~~~sLigy2
2020-09-10 14:12:26 +0000  Running /usr/bin/codesign '-vvv' '--force' '--sign' 'CFF2924AE2474EB1E05773A0E18CA098DE1E9653' '--entitlements' '/var/folders/1g/p_2ll0t168s4qvnsj71fbxn40000jg/T/XcodeDistPipeline.~~~BqBX6z/entitlements~~~sLigy2' '--preserve-metadata=identifier,flags,runtime' '/var/folders/1g/p_2ll0t168s4qvnsj71fbxn40000jg/T/XcodeDistPipeline.~~~BqBX6z/Root/Payload/mobilesip.app'
2020-09-10 14:12:27 +0000  /var/folders/1g/p_2ll0t168s4qvnsj71fbxn40000jg/T/XcodeDistPipeline.~~~BqBX6z/Root/Payload/mobilesip.app: signed app bundle with Mach-O universal (armv7 arm64) [org.reactjs.native.example.mobilesip]
2020-09-10 14:12:27 +0000  /usr/bin/codesign exited with 0
2020-09-10 14:12:27 +0000  Processing step: IDEDistributionZipODRItemStep
2020-09-10 14:12:27 +0000  Skipping step: IDEDistributionZipODRItemStep because it said so
2020-09-10 14:12:27 +0000  Processing step: IDEDistributionCreateIPAStep
2020-09-10 14:12:27 +0000  Running /usr/bin/ditto '-V' '-c' '-k' '--norsrc' '/var/folders/1g/p_2ll0t168s4qvnsj71fbxn40000jg/T/XcodeDistPipeline.~~~BqBX6z/Root' '/var/folders/1g/p_2ll0t168s4qvnsj71fbxn40000jg/T/XcodeDistPipeline.~~~BqBX6z/Packages/mobilesip.ipa'
2020-09-10 14:12:27 +0000  >>> Copying /var/folders/1g/p_2ll0t168s4qvnsj71fbxn40000jg/T/XcodeDistPipeline.~~~BqBX6z/Root 
2020-09-10 14:12:27 +0000  copying file ./BCSymbolMaps/14478427-5CB4-39CE-A8BB-99424F398231.bcsymbolmap ... 
2020-09-10 14:12:27 +0000  1447572 bytes for ./BCSymbolMaps/14478427-5CB4-39CE-A8BB-99424F398231.bcsymbolmap
2020-09-10 14:12:27 +0000  copying file ./BCSymbolMaps/E564DB16-FA6B-3542-88AE-EFE78E789128.bcsymbolmap ... 
2020-09-10 14:12:27 +0000  1419455 bytes for ./BCSymbolMaps/E564DB16-FA6B-3542-88AE-EFE78E789128.bcsymbolmap
2020-09-10 14:12:27 +0000  copying file ./Payload/mobilesip.app/_CodeSignature/CodeResources ... 
2020-09-10 14:12:27 +0000  21387 bytes for ./Payload/mobilesip.app/_CodeSignature/CodeResources
2020-09-10 14:12:27 +0000  copying file ./Payload/mobilesip.app/Fontisto.ttf ... 
2020-09-10 14:12:27 +0000  313528 bytes for ./Payload/mobilesip.app/Fontisto.ttf
copying file ./Payload/mobilesip.app/Octicons.ttf ... 
2020-09-10 14:12:27 +0000  28364 bytes for ./Payload/mobilesip.app/Octicons.ttf
copying file ./Payload/mobilesip.app/Feather.ttf ... 
2020-09-10 14:12:27 +0000  58272 bytes for ./Payload/mobilesip.app/Feather.ttf
copying file ./Payload/mobilesip.app/Entypo.ttf ... 
2020-09-10 14:12:27 +0000  65584 bytes for ./Payload/mobilesip.app/Entypo.ttf
2020-09-10 14:12:27 +0000  copying file ./Payload/mobilesip.app/FontAwesome5_Brands.ttf ... 
2020-09-10 14:12:27 +0000  125016 bytes for ./Payload/mobilesip.app/FontAwesome5_Brands.ttf
2020-09-10 14:12:27 +0000  copying file ./Payload/mobilesip.app/MaterialCommunityIcons.ttf ... 
2020-09-10 14:12:27 +0000  546548 bytes for ./Payload/mobilesip.app/MaterialCommunityIcons.ttf
copying file ./Payload/mobilesip.app/AntDesign.ttf ... 
2020-09-10 14:12:27 +0000  70344 bytes for ./Payload/mobilesip.app/AntDesign.ttf
copying file ./Payload/mobilesip.app/Foundation.ttf ... 
2020-09-10 14:12:27 +0000  56976 bytes for ./Payload/mobilesip.app/Foundation.ttf
copying file ./Payload/mobilesip.app/Ionicons.ttf ... 
2020-09-10 14:12:27 +0000  112472 bytes for ./Payload/mobilesip.app/Ionicons.ttf
copying file ./Payload/mobilesip.app/FontAwesome5_Solid.ttf ... 
2020-09-10 14:12:27 +0000  186228 bytes for ./Payload/mobilesip.app/FontAwesome5_Solid.ttf
copying file ./Payload/mobilesip.app/FontAwesome5_Regular.ttf ... 
2020-09-10 14:12:27 +0000  34092 bytes for ./Payload/mobilesip.app/FontAwesome5_Regular.ttf
2020-09-10 14:12:27 +0000  copying file ./Payload/mobilesip.app/Base.lproj/LaunchScreen.nib ... 
2020-09-10 14:12:27 +0000  3137 bytes for ./Payload/mobilesip.app/Base.lproj/LaunchScreen.nib
2020-09-10 14:12:27 +0000  copying file ./Payload/mobilesip.app/FontAwesome.ttf ... 
2020-09-10 14:12:27 +0000  165548 bytes for ./Payload/mobilesip.app/FontAwesome.ttf
copying file ./Payload/mobilesip.app/Zocial.ttf ... 
2020-09-10 14:12:27 +0000  25552 bytes for ./Payload/mobilesip.app/Zocial.ttf
copying file ./Payload/mobilesip.app/Assets.car ... 
2020-09-10 14:12:27 +0000  2091848 bytes for ./Payload/mobilesip.app/Assets.car
copying file ./Payload/mobilesip.app/EvilIcons.ttf ... 
2020-09-10 14:12:27 +0000  13456 bytes for ./Payload/mobilesip.app/EvilIcons.ttf
copying file ./Payload/mobilesip.app/main.jsbundle ... 
2020-09-10 14:12:27 +0000  2096720 bytes for ./Payload/mobilesip.app/main.jsbundle
copying file ./Payload/mobilesip.app/SimpleLineIcons.ttf ... 
2020-09-10 14:12:27 +0000  54056 bytes for ./Payload/mobilesip.app/SimpleLineIcons.ttf
copying file ./Payload/mobilesip.app/embedded.mobileprovision ... 
2020-09-10 14:12:27 +0000  13482 bytes for ./Payload/mobilesip.app/embedded.mobileprovision
2020-09-10 14:12:27 +0000  copying file ./Payload/mobilesip.app/assets/app.json ... 
2020-09-10 14:12:27 +0000  55 bytes for ./Payload/mobilesip.app/assets/app.json
2020-09-10 14:12:27 +0000  copying file ./Payload/mobilesip.app/assets/node_modules/react-native-ratings/src/images/bell.png ... 
2020-09-10 14:12:27 +0000  2989 bytes for ./Payload/mobilesip.app/assets/node_modules/react-native-ratings/src/images/bell.png
2020-09-10 14:12:27 +0000  copying file ./Payload/mobilesip.app/assets/node_modules/react-native-ratings/src/images/airbnb-star-selected.png ... 
2020-09-10 14:12:27 +0000  934 bytes for ./Payload/mobilesip.app/assets/node_modules/react-native-ratings/src/images/airbnb-star-selected.png
copying file ./Payload/mobilesip.app/assets/node_modules/react-native-ratings/src/images/heart.png ... 
2020-09-10 14:12:27 +0000  1928 bytes for ./Payload/mobilesip.app/assets/node_modules/react-native-ratings/src/images/heart.png
2020-09-10 14:12:27 +0000  copying file ./Payload/mobilesip.app/assets/node_modules/react-native-ratings/src/images/airbnb-star.png ... 
2020-09-10 14:12:27 +0000  930 bytes for ./Payload/mobilesip.app/assets/node_modules/react-native-ratings/src/images/airbnb-star.png
copying file ./Payload/mobilesip.app/assets/node_modules/react-native-ratings/src/images/rocket.png ... 
2020-09-10 14:12:27 +0000  4050 bytes for ./Payload/mobilesip.app/assets/node_modules/react-native-ratings/src/images/rocket.png
2020-09-10 14:12:27 +0000  copying file ./Payload/mobilesip.app/assets/node_modules/react-native-ratings/src/images/star.png ... 
2020-09-10 14:12:27 +0000  1961 bytes for ./Payload/mobilesip.app/assets/node_modules/react-native-ratings/src/images/star.png
2020-09-10 14:12:27 +0000  copying file ./Payload/mobilesip.app/assets/node_modules/react-native-speedometer/images/speedometer-needle.png ... 
2020-09-10 14:12:27 +0000  12879 bytes for ./Payload/mobilesip.app/assets/node_modules/react-native-speedometer/images/speedometer-needle.png
2020-09-10 14:12:27 +0000  copying file ./Payload/mobilesip.app/assets/node_modules/css-tree/dist/default-syntax.json ... 
2020-09-10 14:12:27 +0000  57784 bytes for ./Payload/mobilesip.app/assets/node_modules/css-tree/dist/default-syntax.json
2020-09-10 14:12:27 +0000  copying file ./Payload/mobilesip.app/assets/node_modules/dom-serializer/foreignNames.json ... 
2020-09-10 14:12:27 +0000  3149 bytes for ./Payload/mobilesip.app/assets/node_modules/dom-serializer/foreignNames.json
2020-09-10 14:12:27 +0000  copying file ./Payload/mobilesip.app/assets/node_modules/css-select/lib/procedure.json ... 
2020-09-10 14:12:27 +0000  145 bytes for ./Payload/mobilesip.app/assets/node_modules/css-select/lib/procedure.json
2020-09-10 14:12:27 +0000  copying file ./Payload/mobilesip.app/assets/node_modules/react-native-vector-icons/glyphmaps/Ionicons.json ... 
2020-09-10 14:12:27 +0000  17166 bytes for ./Payload/mobilesip.app/assets/node_modules/react-native-vector-icons/glyphmaps/Ionicons.json
2020-09-10 14:12:27 +0000  copying file ./Payload/mobilesip.app/assets/node_modules/react-native-vector-icons/glyphmaps/EvilIcons.json ... 
2020-09-10 14:12:27 +0000  1454 bytes for ./Payload/mobilesip.app/assets/node_modules/react-native-vector-icons/glyphmaps/EvilIcons.json
copying file ./Payload/mobilesip.app/assets/node_modules/react-native-vector-icons/glyphmaps/Octicons.json ... 
2020-09-10 14:12:27 +0000  3992 bytes for ./Payload/mobilesip.app/assets/node_modules/react-native-vector-icons/glyphmaps/Octicons.json
2020-09-10 14:12:27 +0000  copying file ./Payload/mobilesip.app/assets/node_modules/react-native-vector-icons/glyphmaps/FontAwesome5Free_meta.json ... 
2020-09-10 14:12:27 +0000  26240 bytes for ./Payload/mobilesip.app/assets/node_modules/react-native-vector-icons/glyphmaps/FontAwesome5Free_meta.json
copying file ./Payload/mobilesip.app/assets/node_modules/react-native-vector-icons/glyphmaps/FontAwesome.json ... 
2020-09-10 14:12:27 +0000  17437 bytes for ./Payload/mobilesip.app/assets/node_modules/react-native-vector-icons/glyphmaps/FontAwesome.json
copying file ./Payload/mobilesip.app/assets/node_modules/react-native-vector-icons/glyphmaps/MaterialIcons.json ... 
2020-09-10 14:12:27 +0000  22815 bytes for ./Payload/mobilesip.app/assets/node_modules/react-native-vector-icons/glyphmaps/MaterialIcons.json
copying file ./Payload/mobilesip.app/assets/node_modules/react-native-vector-icons/glyphmaps/Entypo.json ... 
2020-09-10 14:12:27 +0000  9486 bytes for ./Payload/mobilesip.app/assets/node_modules/react-native-vector-icons/glyphmaps/Entypo.json
copying file ./Payload/mobilesip.app/assets/node_modules/react-native-vector-icons/glyphmaps/SimpleLineIcons.json ... 
2020-09-10 14:12:27 +0000  4102 bytes for ./Payload/mobilesip.app/assets/node_modules/react-native-vector-icons/glyphmaps/SimpleLineIcons.json
copying file ./Payload/mobilesip.app/assets/node_modules/react-native-vector-icons/glyphmaps/AntDesign.json ... 
2020-09-10 14:12:27 +0000  6303 bytes for ./Payload/mobilesip.app/assets/node_modules/react-native-vector-icons/glyphmaps/AntDesign.json
copying file ./Payload/mobilesip.app/assets/node_modules/react-native-vector-icons/glyphmaps/FontAwesome5Free.json ... 
2020-09-10 14:12:27 +0000  30175 bytes for ./Payload/mobilesip.app/assets/node_modules/react-native-vector-icons/glyphmaps/FontAwesome5Free.json
copying file ./Payload/mobilesip.app/assets/node_modules/react-native-vector-icons/glyphmaps/Feather.json ... 
2020-09-10 14:12:27 +0000  5933 bytes for ./Payload/mobilesip.app/assets/node_modules/react-native-vector-icons/glyphmaps/Feather.json
copying file ./Payload/mobilesip.app/assets/node_modules/react-native-vector-icons/glyphmaps/MaterialCommunityIcons.json ... 
2020-09-10 14:12:27 +0000  97065 bytes for ./Payload/mobilesip.app/assets/node_modules/react-native-vector-icons/glyphmaps/MaterialCommunityIcons.json
copying file ./Payload/mobilesip.app/assets/node_modules/react-native-vector-icons/glyphmaps/Foundation.json ... 
2020-09-10 14:12:27 +0000  6417 bytes for ./Payload/mobilesip.app/assets/node_modules/react-native-vector-icons/glyphmaps/Foundation.json
copying file ./Payload/mobilesip.app/assets/node_modules/react-native-vector-icons/glyphmaps/Zocial.json ... 
2020-09-10 14:12:27 +0000  2013 bytes for ./Payload/mobilesip.app/assets/node_modules/react-native-vector-icons/glyphmaps/Zocial.json
2020-09-10 14:12:27 +0000  copying file ./Payload/mobilesip.app/assets/node_modules/entities/lib/maps/xml.json ... 
2020-09-10 14:12:27 +0000  64 bytes for ./Payload/mobilesip.app/assets/node_modules/entities/lib/maps/xml.json
2020-09-10 14:12:27 +0000  copying file ./Payload/mobilesip.app/assets/node_modules/entities/lib/maps/decode.json ... 
2020-09-10 14:12:27 +0000  356 bytes for ./Payload/mobilesip.app/assets/node_modules/entities/lib/maps/decode.json
copying file ./Payload/mobilesip.app/assets/node_modules/entities/lib/maps/entities.json ... 
2020-09-10 14:12:27 +0000  44868 bytes for ./Payload/mobilesip.app/assets/node_modules/entities/lib/maps/entities.json
copying file ./Payload/mobilesip.app/assets/node_modules/entities/lib/maps/legacy.json ... 
2020-09-10 14:12:27 +0000  1961 bytes for ./Payload/mobilesip.app/assets/node_modules/entities/lib/maps/legacy.json
2020-09-10 14:12:27 +0000  copying file ./Payload/mobilesip.app/assets/src/assets/login.png ... 
2020-09-10 14:12:27 +0000  373 bytes for ./Payload/mobilesip.app/assets/src/assets/login.png
copying file ./Payload/mobilesip.app/assets/src/assets/redled.png ... 
2020-09-10 14:12:27 +0000  1637 bytes for ./Payload/mobilesip.app/assets/src/assets/redled.png
2020-09-10 14:12:27 +0000  copying file ./Payload/mobilesip.app/assets/src/assets/cancel.png ... 
2020-09-10 14:12:27 +0000  1019 bytes for ./Payload/mobilesip.app/assets/src/assets/cancel.png
copying file ./Payload/mobilesip.app/assets/src/assets/yellowled.png ... 
2020-09-10 14:12:27 +0000  1804 bytes for ./Payload/mobilesip.app/assets/src/assets/yellowled.png
2020-09-10 14:12:27 +0000  copying file ./Payload/mobilesip.app/assets/src/assets/username.png ... 
2020-09-10 14:12:27 +0000  237 bytes for ./Payload/mobilesip.app/assets/src/assets/username.png
copying file ./Payload/mobilesip.app/assets/src/assets/background.jpg ... 
2020-09-10 14:12:27 +0000  536180 bytes for ./Payload/mobilesip.app/assets/src/assets/background.jpg
copying file ./Payload/mobilesip.app/assets/src/assets/password.png ... 
2020-09-10 14:12:27 +0000  246 bytes for ./Payload/mobilesip.app/assets/src/assets/password.png
copying file ./Payload/mobilesip.app/assets/src/assets/greenled.png ... 
2020-09-10 14:12:27 +0000  1721 bytes for ./Payload/mobilesip.app/assets/src/assets/greenled.png
2020-09-10 14:12:27 +0000  copying file ./Payload/mobilesip.app/Info.plist ... 
2020-09-10 14:12:27 +0000  1408 bytes for ./Payload/mobilesip.app/Info.plist
copying file ./Payload/mobilesip.app/mobilesip ... 
2020-09-10 14:12:28 +0000  32473904 bytes for ./Payload/mobilesip.app/mobilesip
copying file ./Payload/mobilesip.app/PkgInfo ... 
2020-09-10 14:12:28 +0000  8 bytes for ./Payload/mobilesip.app/PkgInfo
copying file ./Payload/mobilesip.app/MaterialIcons.ttf ... 
2020-09-10 14:12:28 +0000  128180 bytes for ./Payload/mobilesip.app/MaterialIcons.ttf
2020-09-10 14:12:28 +0000  /usr/bin/ditto exited with 0
2020-09-10 14:12:28 +0000  Processing step: IDEDistributionAppStoreInformationStep
2020-09-10 14:12:28 +0000  Skipping step: IDEDistributionAppStoreInformationStep because it said so
2020-09-10 14:12:28 +0000  Processing step: IDEDistributionGenerateProcessedDistributionItems
2020-09-10 14:12:28 +0000  Processing step: IDEDistributionCreateManifestStep
2020-09-10 14:12:28 +0000  Skipping step: IDEDistributionCreateManifestStep because it said so
